2025-06-18 15:46:23.320 INFO  c.k.katalon.core.main.TestSuiteExecutor  - START Test Suites/UserCRUD
2025-06-18 15:46:23.476 INFO  c.k.katalon.core.main.TestSuiteExecutor  - userFullName = Rinda Ramisah
2025-06-18 15:46:23.477 INFO  c.k.katalon.core.main.TestSuiteExecutor  - projectName = api-nizam-afteroffice-katalon
2025-06-18 15:46:23.478 INFO  c.k.katalon.core.main.TestSuiteExecutor  - hostName = nizam - MSI
2025-06-18 15:46:23.478 INFO  c.k.katalon.core.main.TestSuiteExecutor  - os = Windows 11 64bit
2025-06-18 15:46:23.478 INFO  c.k.katalon.core.main.TestSuiteExecutor  - hostAddress = 192.168.1.84
2025-06-18 15:46:23.481 INFO  c.k.katalon.core.main.TestSuiteExecutor  - katalonVersion = 10.2.0.0
2025-06-18 15:46:24.247 INFO  c.k.katalon.core.main.TestCaseExecutor   - --------------------
2025-06-18 15:46:24.247 INFO  c.k.katalon.core.main.TestCaseExecutor   - START Test Cases/RegisterSuccess
2025-06-18 15:46:24.655 DEBUG testcase.RegisterSuccess                 - 1: response = sendRequest(findTestObject("Resgiter Successfull"))
2025-06-18 15:46:26.673 INFO  c.k.k.core.webservice.common.HarLogger   - HAR: C:\Users\nizam\git\api-nizam-afteroffice-katalon\Reports\20250618_154618\UserCRUD\20250618_154618\requests\main\Resgiter...cessfull_0.har
2025-06-18 15:46:26.762 DEBUG testcase.RegisterSuccess                 - 2: verifyResponseStatusCode(response, 200)
2025-06-18 15:46:26.782 DEBUG testcase.RegisterSuccess                 - 3: verifyElementPropertyValue(response, "id", 4)
2025-06-18 15:46:26.864 INFO  c.k.katalon.core.main.TestCaseExecutor   - END Test Cases/RegisterSuccess
2025-06-18 15:46:26.870 INFO  c.k.katalon.core.main.TestCaseExecutor   - --------------------
2025-06-18 15:46:26.870 INFO  c.k.katalon.core.main.TestCaseExecutor   - START Test Cases/GetSingleUser
2025-06-18 15:46:26.935 DEBUG testcase.GetSingleUser                   - 1: response = sendRequest(findTestObject("Get Single User"))
2025-06-18 15:46:27.067 INFO  c.k.k.core.webservice.common.HarLogger   - HAR: C:\Users\nizam\git\api-nizam-afteroffice-katalon\Reports\20250618_154618\UserCRUD\20250618_154618\requests\main\Get-Single-User_1.har
2025-06-18 15:46:27.081 DEBUG testcase.GetSingleUser                   - 2: verifyResponseStatusCode(response, 200)
2025-06-18 15:46:27.094 DEBUG testcase.GetSingleUser                   - 3: verifyElementPropertyValue(response, "data.id", userId)
2025-06-18 15:46:27.128 INFO  c.k.katalon.core.main.TestCaseExecutor   - END Test Cases/GetSingleUser
2025-06-18 15:46:27.132 INFO  c.k.katalon.core.main.TestCaseExecutor   - --------------------
2025-06-18 15:46:27.132 INFO  c.k.katalon.core.main.TestCaseExecutor   - START Test Cases/UpdateUser
2025-06-18 15:46:27.193 DEBUG testcase.UpdateUser                      - 1: response = sendRequest(findTestObject("Update User"))
2025-06-18 15:46:27.640 INFO  c.k.k.core.webservice.common.HarLogger   - HAR: C:\Users\nizam\git\api-nizam-afteroffice-katalon\Reports\20250618_154618\UserCRUD\20250618_154618\requests\main\Update-User_2.har
2025-06-18 15:46:27.643 DEBUG testcase.UpdateUser                      - 2: verifyResponseStatusCode(response, 200)
2025-06-18 15:46:27.646 DEBUG testcase.UpdateUser                      - 3: verifyElementPropertyValue(response, "name", "morpheus")
2025-06-18 15:46:27.668 DEBUG testcase.UpdateUser                      - 4: verifyElementPropertyValue(response, "job", "zion resident")
2025-06-18 15:46:27.688 INFO  c.k.katalon.core.main.TestCaseExecutor   - END Test Cases/UpdateUser
2025-06-18 15:46:27.746 INFO  c.k.katalon.core.main.TestSuiteExecutor  - --------------------
2025-06-18 15:46:27.746 INFO  c.k.katalon.core.main.TestSuiteExecutor  - END Test Suites/UserCRUD
2025-06-18 15:46:27.746 INFO  c.k.katalon.core.main.TestSuiteExecutor  - ====================
